[INFO] 16:03:55:347 logs/(4905:4905): Hola! Soy un log
[INFO] 16:14:40:498 logs/(5365:5365): Hola! Soy un log
[INFO] 16:16:44:676 logs/(5424:5424): Hola! Soy un log
[INFO] 16:16:44:684 logs/(5424:5424): Uz·`
[INFO] 20:52:56:785 logs/(2302:2302): Hola! Soy un log
[INFO] 20:57:56:102 logs/(2348:2348): Hola! Soy un log
[INFO] 20:58:50:747 logs/(2416:2416): Hola! Soy un log
[INFO] 21:00:06:800 logs/(2463:2463): Hola! Soy un log
[INFO] 21:02:33:349 logs/(2653:2653): Hola! Soy un log
[INFO] 21:03:33:657 logs/(2722:2722): Hola! Soy un log
[INFO] 21:07:07:187 logs/(2992:2992): Hola! Soy un log
[INFO] 21:07:38:879 logs/(3018:3018): Hola! Soy un log
[INFO] 21:08:29:173 logs/(3116:3116): Hola! Soy un log
[INFO] 21:12:51:652 logs/(3325:3325): Hola! Soy un log
[INFO] 21:16:36:934 logs/(3649:3649): Hola! Soy un log
[INFO] 21:19:55:199 logs/(3874:3874): Hola! Soy un log
[INFO] 21:21:19:163 logs/(3942:3942): Hola! Soy un log
[INFO] 21:21:23:548 logs/(3942:3942): valor
[INFO] 21:21:57:721 logs/(4037:4037): Hola! Soy un log
[INFO] 21:22:37:910 logs/(4180:4180): Hola! Soy un log
[INFO] 21:23:22:500 logs/(4236:4236): Hola! Soy un log
[INFO] 21:24:03:369 logs/(4276:4276): Hola! Soy un log
[INFO] 21:24:52:115 logs/(4351:4351): Hola! Soy un log
[INFO] 21:25:31:039 logs/(4465:4465): Hola! Soy un log
[INFO] 21:26:32:078 logs/(4554:4554): Hola! Soy un log
[INFO] 21:27:30:966 logs/(4647:4647): Hola! Soy un log
[INFO] 21:27:52:213 logs/(4699:4699): Hola! Soy un log
[INFO] 21:28:38:319 logs/(4807:4807): Hola! Soy un log
[INFO] 21:29:17:848 logs/(4848:4848): Hola! Soy un log
[INFO] 21:29:46:074 logs/(4927:4927): Hola! Soy un log
[INFO] 21:31:00:083 logs/(5105:5105): Hola! Soy un log
[INFO] 21:32:22:040 logs/(5105:5105): valor
[INFO] 21:32:37:672 logs/(5105:5105): 127.0.0.1
[INFO] 21:32:40:219 logs/(5105:5105): 4444
[INFO] 21:47:32:777 logs/(5469:5469): Hola! Soy un log
[INFO] 21:47:32:784 logs/(5469:5469): valor
[INFO] 21:47:32:784 logs/(5469:5469): 127.0.0.1
[INFO] 21:47:32:784 logs/(5469:5469): 4444
[INFO] 21:48:04:410 logs/(5516:5516): Hola! Soy un log
[INFO] 21:48:04:415 logs/(5516:5516): valor
[INFO] 21:48:04:416 logs/(5516:5516): 127.0.0.1
[INFO] 21:48:04:416 logs/(5516:5516): 4444
[INFO] 21:48:16:978 logs/(5539:5539): Hola! Soy un log
[INFO] 21:48:16:990 logs/(5539:5539): valor
[INFO] 21:48:16:991 logs/(5539:5539): 127.0.0.1
[INFO] 21:48:16:991 logs/(5539:5539): 4444
[INFO] 21:48:59:976 logs/(5561:5561): Hola! Soy un log
[INFO] 21:48:59:986 logs/(5561:5561): valor
[INFO] 21:48:59:988 logs/(5561:5561): 127.0.0.1
[INFO] 21:48:59:988 logs/(5561:5561): 4444
[INFO] 21:49:32:148 logs/(5626:5626): Hola! Soy un log
[INFO] 21:49:32:157 logs/(5626:5626): valor
[INFO] 21:49:32:157 logs/(5626:5626): 127.0.0.1
[INFO] 21:49:32:157 logs/(5626:5626): 4444
[INFO] 21:57:15:402 logs/(6028:6028): Hola! Soy un log
[INFO] 21:57:15:410 logs/(6028:6028): valor
[INFO] 21:57:15:410 logs/(6028:6028): 127.0.0.1
[INFO] 21:57:15:410 logs/(6028:6028): 4444
[INFO] 22:01:37:182 logs/(6346:6346): Hola! Soy un log
[INFO] 22:01:37:185 logs/(6346:6346): valor
[INFO] 22:01:37:185 logs/(6346:6346): 127.0.0.1
[INFO] 22:01:37:185 logs/(6346:6346): 4444
[INFO] 22:01:40:683 logs/(6346:6346): hola
[INFO] 22:05:59:666 logs/(6481:6481): Hola! Soy un log
[INFO] 22:05:59:672 logs/(6481:6481): valor
[INFO] 22:05:59:672 logs/(6481:6481): 127.0.0.1
[INFO] 22:05:59:672 logs/(6481:6481): 4444
[INFO] 22:06:02:539 logs/(6481:6481): hola
[INFO] 22:14:44:347 logs/(6614:6614): Hola! Soy un log
[INFO] 22:14:44:353 logs/(6614:6614): valor
[INFO] 22:14:44:354 logs/(6614:6614): 127.0.0.1
[INFO] 22:14:44:354 logs/(6614:6614): 4444
[INFO] 22:14:55:449 logs/(6614:6614): hola
[INFO] 22:15:04:553 logs/(6614:6614): chau
[INFO] 15:24:08:868 logs/(3006:3006): Hola! Soy un log
[INFO] 15:24:08:871 logs/(3006:3006): valor
[INFO] 15:24:08:872 logs/(3006:3006): 127.0.0.1
[INFO] 15:24:08:872 logs/(3006:3006): 35508
[INFO] 15:24:16:009 logs/(3006:3006): hola
[INFO] 15:36:09:427 logs/(3277:3277): Hola! Soy un log
[INFO] 15:36:09:431 logs/(3277:3277): valor
[INFO] 15:36:09:433 logs/(3277:3277): 127.0.0.1
[INFO] 15:36:09:433 logs/(3277:3277): 35508
[INFO] 15:36:17:742 logs/(3277:3277): papi
[INFO] 15:36:20:760 logs/(3277:3277): 
[INFO] 15:36:22:887 logs/(3277:3277): 
[INFO] 15:36:23:398 logs/(3277:3277): 
[INFO] 15:36:23:614 logs/(3277:3277): 
[INFO] 15:36:23:791 logs/(3277:3277): 
[INFO] 15:36:23:951 logs/(3277:3277): 
[INFO] 15:36:24:112 logs/(3277:3277): 
[INFO] 15:36:24:269 logs/(3277:3277): 
[INFO] 15:36:24:407 logs/(3277:3277): 
[INFO] 15:36:24:549 logs/(3277:3277): 
[INFO] 15:37:11:676 logs/(3386:3386): Hola! Soy un log
[INFO] 15:37:11:678 logs/(3386:3386): valor
[INFO] 15:37:11:678 logs/(3386:3386): 127.0.0.1
[INFO] 15:37:11:678 logs/(3386:3386): 35508
[INFO] 15:37:14:438 logs/(3386:3386): papi
[INFO] 15:37:16:014 logs/(3386:3386): 
[INFO] 15:38:07:373 logs/(3454:3454): Hola! Soy un log
[INFO] 15:38:07:380 logs/(3454:3454): valor
[INFO] 15:38:07:387 logs/(3454:3454): 127.0.0.1
[INFO] 15:38:07:387 logs/(3454:3454): 35508
[INFO] 15:38:10:173 logs/(3454:3454): papi
[INFO] 15:38:11:270 logs/(3454:3454): 
[INFO] 15:38:28:106 logs/(3534:3534): Hola! Soy un log
[INFO] 15:38:28:107 logs/(3534:3534): valor
[INFO] 15:38:28:107 logs/(3534:3534): 127.0.0.1
[INFO] 15:38:28:107 logs/(3534:3534): 35508
[INFO] 15:38:30:541 logs/(3534:3534): papi
[INFO] 15:38:32:670 logs/(3534:3534): hola
[INFO] 15:38:34:261 logs/(3534:3534): 
[INFO] 15:39:12:250 logs/(3581:3581): Hola! Soy un log
[INFO] 15:39:12:251 logs/(3581:3581): valor
[INFO] 15:39:12:251 logs/(3581:3581): 127.0.0.1
[INFO] 15:39:12:251 logs/(3581:3581): 35508
[INFO] 15:39:13:848 logs/(3581:3581): hola
[INFO] 15:39:16:608 logs/(3581:3581): 
[INFO] 15:40:39:601 logs/(3704:3704): Hola! Soy un log
[INFO] 15:40:39:608 logs/(3704:3704): valor
[INFO] 15:40:39:608 logs/(3704:3704): 127.0.0.1
[INFO] 15:40:39:608 logs/(3704:3704): 35508
[INFO] 15:40:43:768 logs/(3704:3704): oaoa
[INFO] 15:41:11:968 logs/(3728:3728): Hola! Soy un log
[INFO] 15:41:11:975 logs/(3728:3728): valor
[INFO] 15:41:11:975 logs/(3728:3728): 127.0.0.1
[INFO] 15:41:11:975 logs/(3728:3728): 35508
[INFO] 15:41:14:464 logs/(3728:3728): hol
[INFO] 15:43:04:814 logs/(3781:3781): Hola! Soy un log
[INFO] 15:43:04:824 logs/(3781:3781): valor
[INFO] 15:43:04:825 logs/(3781:3781): 127.0.0.1
[INFO] 15:43:04:825 logs/(3781:3781): 35508
[INFO] 15:43:06:846 logs/(3781:3781): HOLA
[INFO] 15:45:01:995 logs/(3838:3838): Hola! Soy un log
[INFO] 15:45:06:244 logs/(3838:3838): valor
[INFO] 15:45:07:477 logs/(3838:3838): 127.0.0.1
[INFO] 15:45:08:412 logs/(3838:3838): 35508
[INFO] 15:45:53:325 logs/(3838:3838): hola
[INFO] 15:48:23:025 logs/(4116:4116): Hola! Soy un log
[INFO] 15:48:23:030 logs/(4116:4116): valor
[INFO] 15:48:23:030 logs/(4116:4116): 127.0.0.1
[INFO] 15:48:23:030 logs/(4116:4116): 35508
[INFO] 15:48:25:626 logs/(4116:4116): hola
[INFO] 15:48:52:274 logs/(4164:4164): Hola! Soy un log
[INFO] 15:48:52:276 logs/(4164:4164): valor
[INFO] 15:48:52:276 logs/(4164:4164): 127.0.0.1
[INFO] 15:48:52:276 logs/(4164:4164): 35508
[INFO] 15:48:55:455 logs/(4164:4164): hola
[INFO] 15:49:42:297 logs/(4217:4217): Hola! Soy un log
[INFO] 15:49:42:298 logs/(4217:4217): valor
[INFO] 15:49:42:298 logs/(4217:4217): 127.0.0.1
[INFO] 15:49:42:299 logs/(4217:4217): 35508
[INFO] 15:49:45:230 logs/(4217:4217): holA
[INFO] 15:56:23:879 logs/(3910:3910): Hola! Soy un log
[INFO] 15:56:23:892 logs/(3910:3910): valor
[INFO] 15:56:23:892 logs/(3910:3910): 127.0.0.1
[INFO] 15:56:23:892 logs/(3910:3910): 35508
[INFO] 15:58:33:686 logs/(4668:4668): Hola! Soy un log
[INFO] 15:58:33:692 logs/(4668:4668): valor
[INFO] 15:58:33:693 logs/(4668:4668): 127.0.0.1
[INFO] 15:58:33:693 logs/(4668:4668): 35508
[INFO] 15:58:35:807 logs/(4668:4668): HOLA
[INFO] 16:00:05:866 logs/(4731:4731): Hola! Soy un log
[INFO] 16:00:05:874 logs/(4731:4731): valor
[INFO] 16:00:05:874 logs/(4731:4731): 127.0.0.1
[INFO] 16:00:05:874 logs/(4731:4731): 35508
[INFO] 16:00:07:657 logs/(4731:4731): HOLA
[INFO] 16:07:38:582 logs/(5365:5365): Hola! Soy un log
[INFO] 16:07:38:583 logs/(5365:5365): valor
[INFO] 16:07:38:583 logs/(5365:5365): 127.0.0.1
[INFO] 16:07:38:583 logs/(5365:5365): 35508
[INFO] 16:07:41:205 logs/(5365:5365): hola
[INFO] 16:10:21:701 logs/(5462:5462): Hola! Soy un log
[INFO] 16:10:21:704 logs/(5462:5462): valor
[INFO] 16:10:21:705 logs/(5462:5462): 127.0.0.1
[INFO] 16:10:21:705 logs/(5462:5462): 35508
[INFO] 16:11:07:756 logs/(5462:5462): hola
[INFO] 16:11:53:549 logs/(5507:5507): Hola! Soy un log
[INFO] 16:11:53:550 logs/(5507:5507): valor
[INFO] 16:11:53:550 logs/(5507:5507): 127.0.0.1
[INFO] 16:11:53:550 logs/(5507:5507): 35508
[INFO] 16:12:04:384 logs/(5522:5522): Hola! Soy un log
[INFO] 16:12:04:389 logs/(5522:5522): valor
[INFO] 16:12:04:389 logs/(5522:5522): 127.0.0.1
[INFO] 16:12:04:389 logs/(5522:5522): 35508
[INFO] 16:16:03:846 logs/(5633:5633): Hola! Soy un log
[INFO] 16:16:03:847 logs/(5633:5633): valor
[INFO] 16:16:03:847 logs/(5633:5633): 127.0.0.1
[INFO] 16:16:03:847 logs/(5633:5633): 35508
[INFO] 16:17:45:989 logs/(5812:5812): Hola! Soy un log
[INFO] 16:17:45:999 logs/(5812:5812): valor
[INFO] 16:17:45:999 logs/(5812:5812): 127.0.0.1
[INFO] 16:17:45:999 logs/(5812:5812): 35508
[INFO] 16:18:50:257 logs/(5911:5911): Hola! Soy un log
[INFO] 16:18:50:259 logs/(5911:5911): valor
[INFO] 16:18:50:263 logs/(5911:5911): 127.0.0.1
[INFO] 16:18:50:263 logs/(5911:5911): 35508
[INFO] 16:19:36:348 logs/(5990:5990): Hola! Soy un log
[INFO] 16:19:36:350 logs/(5990:5990): valor
[INFO] 16:19:36:350 logs/(5990:5990): 127.0.0.1
[INFO] 16:19:36:351 logs/(5990:5990): 35508
[INFO] 16:20:27:651 logs/(6122:6122): Hola! Soy un log
[INFO] 16:20:27:652 logs/(6122:6122): valor
[INFO] 16:20:27:653 logs/(6122:6122): 127.0.0.1
[INFO] 16:20:27:653 logs/(6122:6122): 35508
[INFO] 16:21:09:009 logs/(6272:6272): Hola! Soy un log
[INFO] 16:21:09:018 logs/(6272:6272): valor
[INFO] 16:21:09:019 logs/(6272:6272): 127.0.0.1
[INFO] 16:21:09:019 logs/(6272:6272): 35508
[INFO] 16:22:12:045 logs/(6314:6314): Hola! Soy un log
[INFO] 16:22:12:047 logs/(6314:6314): valor
[INFO] 16:22:12:047 logs/(6314:6314): 127.0.0.1
[INFO] 16:22:12:047 logs/(6314:6314): 35508
[INFO] 16:22:49:250 logs/(6356:6356): Hola! Soy un log
[INFO] 16:22:49:260 logs/(6356:6356): valor
[INFO] 16:22:49:260 logs/(6356:6356): 127.0.0.1
[INFO] 16:22:49:260 logs/(6356:6356): 35508
[INFO] 16:23:05:859 logs/(6377:6377): Hola! Soy un log
[INFO] 16:23:05:862 logs/(6377:6377): valor
[INFO] 16:23:05:862 logs/(6377:6377): 127.0.0.1
[INFO] 16:23:05:862 logs/(6377:6377): 35508
[INFO] 16:24:01:493 logs/(6393:6393): Hola! Soy un log
[INFO] 16:24:01:494 logs/(6393:6393): valor
[INFO] 16:24:01:494 logs/(6393:6393): 127.0.0.1
[INFO] 16:24:01:494 logs/(6393:6393): 35508
[INFO] 16:24:12:928 logs/(6425:6425): Hola! Soy un log
[INFO] 16:24:12:932 logs/(6425:6425): valor
[INFO] 16:24:12:933 logs/(6425:6425): 127.0.0.1
[INFO] 16:24:12:933 logs/(6425:6425): 35508
[INFO] 16:25:42:785 logs/(6451:6451): Hola! Soy un log
[INFO] 16:25:42:792 logs/(6451:6451): valor
[INFO] 16:25:42:792 logs/(6451:6451): 127.0.0.1
[INFO] 16:25:42:792 logs/(6451:6451): 35508
[INFO] 16:25:48:938 logs/(6483:6483): Hola! Soy un log
[INFO] 16:25:48:945 logs/(6483:6483): valor
[INFO] 16:25:48:946 logs/(6483:6483): 127.0.0.1
[INFO] 16:25:48:946 logs/(6483:6483): 35508
