[INFO] 15:23:05:119 Servidor/(2969:2969): Servidor listo para recibir al cliente
[INFO] 15:24:20:759 Servidor/(2969:2969): Se conecto un cliente!
[INFO] 15:24:20:760 Servidor/(2969:2969): Me llego el mensaje valor
[ERROR] 15:24:21:059 Servidor/(2969:2969): el cliente se desconecto. Terminando servidor
[INFO] 15:58:21:877 Servidor/(4651:4651): Servidor listo para recibir al cliente
[INFO] 15:58:38:374 Servidor/(4651:4651): Se conecto un cliente!
[INFO] 15:58:38:375 Servidor/(4651:4651): Me llego el mensaje valor
[ERROR] 15:58:38:569 Servidor/(4651:4651): el cliente se desconecto. Terminando servidor
[INFO] 16:07:24:813 Servidor/(5349:5349): Servidor listo para recibir al cliente
[INFO] 16:07:42:540 Servidor/(5349:5349): Se conecto un cliente!
[INFO] 16:07:42:541 Servidor/(5349:5349): Me llego el mensaje valor
[INFO] 16:09:17:005 Servidor/(5349:5349): Me llegaron los siguientes valores:

[ERROR] 16:09:17:005 Servidor/(5349:5349): el cliente se desconecto. Terminando servidor
[INFO] 16:10:15:088 Servidor/(5446:5446): Servidor listo para recibir al cliente
[INFO] 16:11:15:309 Servidor/(5446:5446): Se conecto un cliente!
[INFO] 16:11:15:309 Servidor/(5446:5446): Me llego el mensaje valor
[INFO] 16:12:16:437 Servidor/(5539:5539): Servidor listo para recibir al cliente
[INFO] 16:18:45:541 Servidor/(5892:5892): Servidor listo para recibir al cliente
[INFO] 16:18:50:263 Servidor/(5892:5892): Se conecto un cliente!
[INFO] 16:18:50:264 Servidor/(5892:5892): Me llego el mensaje valor
[INFO] 16:19:05:814 Servidor/(5892:5892): Me llegaron los siguientes valores:

[INFO] 16:19:05:815 Servidor/(5892:5892): holaÂU
[ERROR] 16:19:06:034 Servidor/(5892:5892): el cliente se desconecto. Terminando servidor
[INFO] 16:19:30:162 Servidor/(5956:5956): Servidor listo para recibir al cliente
[INFO] 16:19:36:351 Servidor/(5956:5956): Se conecto un cliente!
[INFO] 16:19:36:351 Servidor/(5956:5956): Me llego el mensaje valor
[INFO] 16:20:23:679 Servidor/(6104:6104): Servidor listo para recibir al cliente
[INFO] 16:21:03:680 Servidor/(6238:6238): Servidor listo para recibir al cliente
[INFO] 16:22:06:515 Servidor/(6296:6296): Servidor listo para recibir al cliente
[INFO] 16:22:41:641 Servidor/(6336:6336): Servidor listo para recibir al cliente
[INFO] 16:24:08:999 Servidor/(6409:6409): Servidor listo para recibir al cliente
[INFO] 16:24:12:933 Servidor/(6409:6409): Se conecto un cliente!
[INFO] 16:24:12:934 Servidor/(6409:6409): Me llego el mensaje valor
[INFO] 16:24:39:429 Servidor/(6409:6409): Me llegaron los siguientes valores:

[INFO] 16:24:39:436 Servidor/(6409:6409): puta»U
[ERROR] 16:24:39:640 Servidor/(6409:6409): el cliente se desconecto. Terminando servidor
[INFO] 16:25:45:938 Servidor/(6467:6467): Servidor listo para recibir al cliente
[INFO] 16:25:48:947 Servidor/(6467:6467): Se conecto un cliente!
[INFO] 16:25:48:947 Servidor/(6467:6467): Me llego el mensaje valor
[INFO] 16:26:14:588 Servidor/(6467:6467): Me llegaron los siguientes valores:

[INFO] 16:26:14:589 Servidor/(6467:6467): putaV
[INFO] 16:26:14:589 Servidor/(6467:6467): la delk trupko
[INFO] 16:26:14:589 Servidor/(6467:6467):  y la de gluk
[INFO] 16:26:14:589 Servidor/(6467:6467):  la mia nos3Ë
[ERROR] 16:26:14:802 Servidor/(6467:6467): el cliente se desconecto. Terminando servidor
